This file contains any messages produced by compilers while
running configure, to aid debugging if configure makes a mistake.

It was created by flex configure 2.5.33, which was
generated by GNU Autoconf 2.57.  Invocation command line was

  $ ./configure --prefix=/usr/local/flex

## --------- ##
## Platform. ##
## --------- ##

hostname = Shahs-MacBook-Air.local
uname -m = x86_64
uname -r = 13.1.0
uname -s = Darwin
uname -v = Darwin Kernel Version 13.1.0: Wed Apr  2 23:52:02 PDT 2014; root:xnu-2422.92.1~2/RELEASE_X86_64

/usr/bin/uname -p = i386
/bin/uname -X     = unknown

/bin/arch              = unknown
/usr/bin/arch -k       = unknown
/usr/convex/getsysinfo = unknown
hostinfo               = Mach kernel version:
	 Darwin Kernel Version 13.1.0: Wed Apr  2 23:52:02 PDT 2014; root:xnu-2422.92.1~2/RELEASE_X86_64
Kernel configured for up to 4 processors.
2 processors are physically available.
4 processors are logically available.
Processor type: i486 (Intel 80486)
Processors active: 0 1 2 3
Primary memory available: 2.00 gigabytes
Default processor set: 165 tasks, 897 threads, 4 processors
Load average: 1.34, Mach factor: 2.65
/bin/machine           = unknown
/usr/bin/oslevel       = unknown
/bin/universe          = unknown

PATH: /Library/Frameworks/Python.framework/Versions/3.4/bin
PATH: /usr/bin
PATH: /bin
PATH: /usr/sbin
PATH: /sbin
PATH: /usr/local/bin
PATH: /opt/X11/bin
PATH: /usr/texbin


## ----------- ##
## Core tests. ##
## ----------- ##

configure:1344: checking for a BSD-compatible install
configure:1398: result: /usr/bin/install -c
configure:1409: checking whether build environment is sane
configure:1452: result: yes
configure:1485: checking for gawk
configure:1514: result: no
configure:1485: checking for mawk
configure:1514: result: no
configure:1485: checking for nawk
configure:1514: result: no
configure:1485: checking for awk
configure:1501: found /usr/bin/awk
configure:1511: result: awk
configure:1521: checking whether make sets $(MAKE)
configure:1541: result: yes
configure:1723: checking whether NLS is requested
configure:1732: result: yes
configure:1770: checking for msgfmt
configure:1804: result: no
configure:1810: checking for gmsgfmt
configure:1841: result: :
configure:1880: checking for xgettext
configure:1914: result: no
configure:1951: checking for msgmerge
configure:1984: result: no
configure:2044: checking for style of include used by make
configure:2072: result: GNU
configure:2143: checking for gcc
configure:2159: found /usr/bin/gcc
configure:2169: result: gcc
configure:2413: checking for C compiler version
configure:2416: gcc --version </dev/null >&5
Configured with: --prefix=/Applications/Xcode.app/Contents/Developer/usr --with-gxx-include-dir=/usr/include/c++/4.2.1
Apple LLVM version 5.0 (clang-500.2.79) (based on LLVM 3.3svn)
Target: x86_64-apple-darwin13.1.0
Thread model: posix
configure:2419: $? = 0
configure:2421: gcc -v </dev/null >&5
Configured with: --prefix=/Applications/Xcode.app/Contents/Developer/usr --with-gxx-include-dir=/usr/include/c++/4.2.1
Apple LLVM version 5.0 (clang-500.2.79) (based on LLVM 3.3svn)
Target: x86_64-apple-darwin13.1.0
Thread model: posix
configure:2424: $? = 0
configure:2426: gcc -V </dev/null >&5
clang: error: argument to '-V' is missing (expected 1 value)
clang: error: no input files
configure:2429: $? = 1
configure:2453: checking for C compiler default output
configure:2456: gcc    conftest.c  >&5
configure:2459: $? = 0
configure:2505: result: a.out
configure:2510: checking whether the C compiler works
configure:2516: ./a.out
configure:2519: $? = 0
configure:2536: result: yes
configure:2543: checking whether we are cross compiling
configure:2545: result: no
configure:2548: checking for suffix of executables
configure:2550: gcc -o conftest    conftest.c  >&5
configure:2553: $? = 0
configure:2578: result: 
configure:2584: checking for suffix of object files
configure:2606: gcc -c   conftest.c >&5
configure:2609: $? = 0
configure:2631: result: o
configure:2635: checking whether we are using the GNU C compiler
configure:2660: gcc -c   conftest.c >&5
configure:2663: $? = 0
configure:2666: test -s conftest.o
configure:2669: $? = 0
configure:2682: result: yes
configure:2688: checking whether gcc accepts -g
configure:2710: gcc -c -g  conftest.c >&5
configure:2713: $? = 0
configure:2716: test -s conftest.o
configure:2719: $? = 0
configure:2730: result: yes
configure:2747: checking for gcc option to accept ANSI C
configure:2808: gcc  -c -g -O2  conftest.c >&5
configure:2811: $? = 0
configure:2814: test -s conftest.o
configure:2817: $? = 0
configure:2835: result: none needed
configure:2853: gcc -c -g -O2  conftest.c >&5
conftest.c:2:3: error: unknown type name 'choke'
  choke me
  ^
conftest.c:2:11: error: expected ';' after top level declarator
  choke me
          ^
          ;
2 errors generated.
configure:2856: $? = 1
configure: failed program was:
| #ifndef __cplusplus
|   choke me
| #endif
configure:2967: checking dependency style of gcc
configure:3035: result: gcc3
configure:3058: checking build system type
configure:3076: result: i686-apple-darwin13.1.0
configure:3084: checking host system type
configure:3098: result: i686-apple-darwin13.1.0
configure:3130: checking for ld used by GCC
configure:3193: result: /Applications/Xcode.app/Contents/Developer/Toolchains/XcodeDefault.xctoolchain/usr/bin/ld
configure:3202: checking if the linker (/Applications/Xcode.app/Contents/Developer/Toolchains/XcodeDefault.xctoolchain/usr/bin/ld) is GNU ld
configure:3214: result: no
configure:3220: checking for shared library run path origin
configure:3233: result: done
configure:3650: checking whether NLS is requested
configure:3659: result: yes
configure:3677: checking for GNU gettext in libc
configure:3702: gcc -o conftest -g -O2   conftest.c  >&5
configure:3692:10: fatal error: 'libintl.h' file not found
#include <libintl.h>
         ^
1 error generated.
configure:3705: $? = 1
configure: failed program was:
| #line 3682 "configure"
| /* confdefs.h.  */
| 
| #define PACKAGE_NAME "flex"
| #define PACKAGE_TARNAME "flex"
| #define PACKAGE_VERSION "2.5.33"
| #define PACKAGE_STRING "flex 2.5.33"
| #define PACKAGE_BUGREPORT "flex-help@lists.sourceforge.net"
| #define PACKAGE "flex"
| #define VERSION "2.5.33"
| /* end confdefs.h.  */
| #include <libintl.h>
| extern int _nl_msg_cat_cntr;
| extern int *_nl_domain_bindings;
| int
| main ()
| {
| bindtextdomain ("", "");
| return (int) gettext ("") + _nl_msg_cat_cntr + *_nl_domain_bindings
|   ;
|   return 0;
| }
configure:3722: result: no
configure:3756: checking for iconv
configure:3784: gcc -o conftest -g -O2   conftest.c  >&5
Undefined symbols for architecture x86_64:
  "_iconv", referenced from:
      _main in conftest-DHgmf6.o
  "_iconv_close", referenced from:
      _main in conftest-DHgmf6.o
  "_iconv_open", referenced from:
      _main in conftest-DHgmf6.o
ld: symbol(s) not found for architecture x86_64
clang: error: linker command failed with exit code 1 (use -v to see invocation)
configure:3787: $? = 1
configure: failed program was:
| #line 3764 "configure"
| /* confdefs.h.  */
| 
| #define PACKAGE_NAME "flex"
| #define PACKAGE_TARNAME "flex"
| #define PACKAGE_VERSION "2.5.33"
| #define PACKAGE_STRING "flex 2.5.33"
| #define PACKAGE_BUGREPORT "flex-help@lists.sourceforge.net"
| #define PACKAGE "flex"
| #define VERSION "2.5.33"
| /* end confdefs.h.  */
| #include <stdlib.h>
| #include <iconv.h>
| int
| main ()
| {
| iconv_t cd = iconv_open("","");
|        iconv(cd,NULL,NULL,NULL,NULL);
|        iconv_close(cd);
|   ;
|   return 0;
| }
configure:3825: gcc -o conftest -g -O2   conftest.c  -liconv >&5
configure:3828: $? = 0
configure:3831: test -s conftest
configure:3834: $? = 0
configure:3848: result: yes
configure:3858: checking how to link with libiconv
configure:3860: result: -liconv
configure:4249: checking for GNU gettext in libintl
configure:4282: gcc -o conftest -g -O2    conftest.c  -lintl >&5
configure:4269:10: fatal error: 'libintl.h' file not found
#include <libintl.h>
         ^
1 error generated.
configure:4285: $? = 1
configure: failed program was:
| #line 4258 "configure"
| /* confdefs.h.  */
| 
| #define PACKAGE_NAME "flex"
| #define PACKAGE_TARNAME "flex"
| #define PACKAGE_VERSION "2.5.33"
| #define PACKAGE_STRING "flex 2.5.33"
| #define PACKAGE_BUGREPORT "flex-help@lists.sourceforge.net"
| #define PACKAGE "flex"
| #define VERSION "2.5.33"
| #define HAVE_ICONV 1
| /* end confdefs.h.  */
| #include <libintl.h>
| extern int _nl_msg_cat_cntr;
| extern
| #ifdef __cplusplus
| "C"
| #endif
| const char *_nl_expand_alias ();
| int
| main ()
| {
| bindtextdomain ("", "");
| return (int) gettext ("") + _nl_msg_cat_cntr + *_nl_expand_alias (0)
|   ;
|   return 0;
| }
configure:4327: gcc -o conftest -g -O2    conftest.c  -lintl -liconv >&5
configure:4314:10: fatal error: 'libintl.h' file not found
#include <libintl.h>
         ^
1 error generated.
configure:4330: $? = 1
configure: failed program was:
| #line 4303 "configure"
| /* confdefs.h.  */
| 
| #define PACKAGE_NAME "flex"
| #define PACKAGE_TARNAME "flex"
| #define PACKAGE_VERSION "2.5.33"
| #define PACKAGE_STRING "flex 2.5.33"
| #define PACKAGE_BUGREPORT "flex-help@lists.sourceforge.net"
| #define PACKAGE "flex"
| #define VERSION "2.5.33"
| #define HAVE_ICONV 1
| /* end confdefs.h.  */
| #include <libintl.h>
| extern int _nl_msg_cat_cntr;
| extern
| #ifdef __cplusplus
| "C"
| #endif
| const char *_nl_expand_alias ();
| int
| main ()
| {
| bindtextdomain ("", "");
| return (int) gettext ("") + _nl_msg_cat_cntr + *_nl_expand_alias (0)
|   ;
|   return 0;
| }
configure:4352: result: no
configure:4381: checking whether to use NLS
configure:4383: result: no
configure:4464: checking for bison
configure:4480: found /usr/bin/bison
configure:4490: result: bison -y
configure:4505: checking for flex
configure:4521: found /usr/bin/flex
configure:4531: result: flex
configure:4544: checking for yywrap in -lfl
configure:4575: gcc -o conftest -g -O2   conftest.c -lfl   >&5
ld: library not found for -lfl
clang: error: linker command failed with exit code 1 (use -v to see invocation)
configure:4578: $? = 1
configure: failed program was:
| #line 4551 "configure"
| /* confdefs.h.  */
| 
| #define PACKAGE_NAME "flex"
| #define PACKAGE_TARNAME "flex"
| #define PACKAGE_VERSION "2.5.33"
| #define PACKAGE_STRING "flex 2.5.33"
| #define PACKAGE_BUGREPORT "flex-help@lists.sourceforge.net"
| #define PACKAGE "flex"
| #define VERSION "2.5.33"
| #define HAVE_ICONV 1
| /* end confdefs.h.  */
| 
| /* Override any gcc2 internal prototype to avoid an error.  */
| #ifdef __cplusplus
| extern "C"
| #endif
| /* We use char because int might match the return type of a gcc2
|    builtin and then its argument prototype would still apply.  */
| char yywrap ();
| int
| main ()
| {
| yywrap ();
|   ;
|   return 0;
| }
configure:4596: result: no
configure:4601: checking for yywrap in -ll
configure:4632: gcc -o conftest -g -O2   conftest.c -ll   >&5
configure:4635: $? = 0
configure:4638: test -s conftest
configure:4641: $? = 0
configure:4653: result: yes
configure:4664: checking lex output file root
configure:4675: flex conftest.l
configure:4678: $? = 0
configure:4690: result: lex.yy
configure:4695: checking whether yytext is a pointer
configure:4711: gcc -o conftest -g -O2   conftest.c  -ll >&5
configure:4714: $? = 0
configure:4717: test -s conftest
configure:4720: $? = 0
configure:4733: result: yes
configure:4793: checking for gcc
configure:4819: result: gcc
configure:5063: checking for C compiler version
configure:5066: gcc --version </dev/null >&5
Configured with: --prefix=/Applications/Xcode.app/Contents/Developer/usr --with-gxx-include-dir=/usr/include/c++/4.2.1
Apple LLVM version 5.0 (clang-500.2.79) (based on LLVM 3.3svn)
Target: x86_64-apple-darwin13.1.0
Thread model: posix
configure:5069: $? = 0
configure:5071: gcc -v </dev/null >&5
Configured with: --prefix=/Applications/Xcode.app/Contents/Developer/usr --with-gxx-include-dir=/usr/include/c++/4.2.1
Apple LLVM version 5.0 (clang-500.2.79) (based on LLVM 3.3svn)
Target: x86_64-apple-darwin13.1.0
Thread model: posix
configure:5074: $? = 0
configure:5076: gcc -V </dev/null >&5
clang: error: argument to '-V' is missing (expected 1 value)
clang: error: no input files
configure:5079: $? = 1
configure:5082: checking whether we are using the GNU C compiler
configure:5129: result: yes
configure:5135: checking whether gcc accepts -g
configure:5177: result: yes
configure:5194: checking for gcc option to accept ANSI C
configure:5282: result: none needed
configure:5300: gcc -c -g -O2  conftest.c >&5
conftest.c:2:3: error: unknown type name 'choke'
  choke me
  ^
conftest.c:2:11: error: expected ';' after top level declarator
  choke me
          ^
          ;
2 errors generated.
configure:5303: $? = 1
configure: failed program was:
| #ifndef __cplusplus
|   choke me
| #endif
configure:5414: checking dependency style of gcc
configure:5482: result: gcc3
configure:5551: checking for g++
configure:5567: found /usr/bin/g++
configure:5577: result: g++
configure:5593: checking for C++ compiler version
configure:5596: g++ --version </dev/null >&5
Configured with: --prefix=/Applications/Xcode.app/Contents/Developer/usr --with-gxx-include-dir=/usr/include/c++/4.2.1
Apple LLVM version 5.0 (clang-500.2.79) (based on LLVM 3.3svn)
Target: x86_64-apple-darwin13.1.0
Thread model: posix
configure:5599: $? = 0
configure:5601: g++ -v </dev/null >&5
Configured with: --prefix=/Applications/Xcode.app/Contents/Developer/usr --with-gxx-include-dir=/usr/include/c++/4.2.1
Apple LLVM version 5.0 (clang-500.2.79) (based on LLVM 3.3svn)
Target: x86_64-apple-darwin13.1.0
Thread model: posix
configure:5604: $? = 0
configure:5606: g++ -V </dev/null >&5
clang: error: argument to '-V' is missing (expected 1 value)
clang: error: no input files
configure:5609: $? = 1
configure:5612: checking whether we are using the GNU C++ compiler
configure:5637: g++ -c   conftest.cc >&5
configure:5640: $? = 0
configure:5643: test -s conftest.o
configure:5646: $? = 0
configure:5659: result: yes
configure:5665: checking whether g++ accepts -g
configure:5687: g++ -c -g  conftest.cc >&5
configure:5690: $? = 0
configure:5693: test -s conftest.o
configure:5696: $? = 0
configure:5707: result: yes
configure:5751: g++ -c -g -O2  conftest.cc >&5
configure:5754: $? = 0
configure:5757: test -s conftest.o
configure:5760: $? = 0
configure:5787: g++ -c -g -O2  conftest.cc >&5
configure:5786:1: error: use of undeclared identifier 'exit'
exit (42);
^
1 error generated.
configure:5790: $? = 1
configure: failed program was:
| #line 5770 "configure"
| /* confdefs.h.  */
| 
| #define PACKAGE_NAME "flex"
| #define PACKAGE_TARNAME "flex"
| #define PACKAGE_VERSION "2.5.33"
| #define PACKAGE_STRING "flex 2.5.33"
| #define PACKAGE_BUGREPORT "flex-help@lists.sourceforge.net"
| #define PACKAGE "flex"
| #define VERSION "2.5.33"
| #define HAVE_ICONV 1
| #define YYTEXT_POINTER 1
| /* end confdefs.h.  */
| 
| int
| main ()
| {
| exit (42);
|   ;
|   return 0;
| }
configure:5751: g++ -c -g -O2  conftest.cc >&5
configure:5754: $? = 0
configure:5757: test -s conftest.o
configure:5760: $? = 0
configure:5787: g++ -c -g -O2  conftest.cc >&5
configure:5790: $? = 0
configure:5793: test -s conftest.o
configure:5796: $? = 0
configure:5821: checking dependency style of g++
configure:5889: result: gcc3
configure:5906: checking whether ln -s works
configure:5910: result: yes
configure:5958: checking for ranlib
configure:5974: found /usr/bin/ranlib
configure:5985: result: ranlib
configure:6000: checking for bison
configure:6018: found /usr/bin/bison
configure:6031: result: /usr/bin/bison
configure:6040: checking for help2man
configure:6071: result: help2man
configure:6085: checking for gm4
configure:6103: found /usr/bin/gm4
configure:6115: result: /usr/bin/gm4
configure:6127: checking for GNU m4
configure:6130: result: yes
configure:6151: checking for indent
configure:6169: found /usr/bin/indent
configure:6182: result: /usr/bin/indent
configure:6190: checking if /usr/bin/indent is GNU indent
configure:6196: result: no
configure:6198: WARNING: /usr/bin/indent does not appear to be GNU indent.
configure:6207: checking for log in -lm
configure:6238: gcc -o conftest -g -O2   conftest.c -lm   >&5
configure:6237:6: warning: incompatible redeclaration of library function 'log' [-Wincompatible-library-redeclaration]
char log ();
     ^
configure:6237:6: note: 'log' is a builtin with type 'double (double)'
1 warning generated.
configure:6241: $? = 0
configure:6244: test -s conftest
configure:6247: $? = 0
configure:6259: result: yes
configure:6277: checking how to run the C preprocessor
configure:6313: gcc -E  conftest.c
configure:6319: $? = 0
configure:6351: gcc -E  conftest.c
configure:6359:10: fatal error: 'ac_nonexistent.h' file not found
#include <ac_nonexistent.h>
         ^
1 error generated.
configure:6357: $? = 1
configure: failed program was:
| #line 6342 "configure"
| /* confdefs.h.  */
| 
| #define PACKAGE_NAME "flex"
| #define PACKAGE_TARNAME "flex"
| #define PACKAGE_VERSION "2.5.33"
| #define PACKAGE_STRING "flex 2.5.33"
| #define PACKAGE_BUGREPORT "flex-help@lists.sourceforge.net"
| #define PACKAGE "flex"
| #define VERSION "2.5.33"
| #define HAVE_ICONV 1
| #define YYTEXT_POINTER 1
| #ifdef __cplusplus
| #include <stdlib.h>
| #endif
| #define M4 "/usr/bin/gm4"
| #define HAVE_LIBM 1
| /* end confdefs.h.  */
| #include <ac_nonexistent.h>
configure:6395: result: gcc -E
configure:6420: gcc -E  conftest.c
configure:6426: $? = 0
configure:6458: gcc -E  conftest.c
configure:6466:10: fatal error: 'ac_nonexistent.h' file not found
#include <ac_nonexistent.h>
         ^
1 error generated.
configure:6464: $? = 1
configure: failed program was:
| #line 6449 "configure"
| /* confdefs.h.  */
| 
| #define PACKAGE_NAME "flex"
| #define PACKAGE_TARNAME "flex"
| #define PACKAGE_VERSION "2.5.33"
| #define PACKAGE_STRING "flex 2.5.33"
| #define PACKAGE_BUGREPORT "flex-help@lists.sourceforge.net"
| #define PACKAGE "flex"
| #define VERSION "2.5.33"
| #define HAVE_ICONV 1
| #define YYTEXT_POINTER 1
| #ifdef __cplusplus
| #include <stdlib.h>
| #endif
| #define M4 "/usr/bin/gm4"
| #define HAVE_LIBM 1
| /* end confdefs.h.  */
| #include <ac_nonexistent.h>
configure:6507: checking for egrep
configure:6517: result: grep -E
configure:6522: checking for ANSI C header files
configure:6548: gcc -c -g -O2  conftest.c >&5
configure:6551: $? = 0
configure:6554: test -s conftest.o
configure:6557: $? = 0
configure:6649: gcc -o conftest -g -O2   conftest.c -lm  >&5
configure:6651:7: warning: implicitly declaring library function 'exit' with type 'void (int) __attribute__((noreturn))'
      exit(2);
      ^
configure:6651:7: note: please include the header <stdlib.h> or explicitly provide a declaration for 'exit'
1 warning generated.
configure:6652: $? = 0
configure:6654: ./conftest
configure:6657: $? = 0
configure:6672: result: yes
configure:6696: checking for sys/types.h
configure:6713: gcc -c -g -O2  conftest.c >&5
configure:6716: $? = 0
configure:6719: test -s conftest.o
configure:6722: $? = 0
configure:6733: result: yes
configure:6696: checking for sys/stat.h
configure:6713: gcc -c -g -O2  conftest.c >&5
configure:6716: $? = 0
configure:6719: test -s conftest.o
configure:6722: $? = 0
configure:6733: result: yes
configure:6696: checking for stdlib.h
configure:6713: gcc -c -g -O2  conftest.c >&5
configure:6716: $? = 0
configure:6719: test -s conftest.o
configure:6722: $? = 0
configure:6733: result: yes
configure:6696: checking for string.h
configure:6713: gcc -c -g -O2  conftest.c >&5
configure:6716: $? = 0
configure:6719: test -s conftest.o
configure:6722: $? = 0
configure:6733: result: yes
configure:6696: checking for memory.h
configure:6713: gcc -c -g -O2  conftest.c >&5
configure:6716: $? = 0
configure:6719: test -s conftest.o
configure:6722: $? = 0
configure:6733: result: yes
configure:6696: checking for strings.h
configure:6713: gcc -c -g -O2  conftest.c >&5
configure:6716: $? = 0
configure:6719: test -s conftest.o
configure:6722: $? = 0
configure:6733: result: yes
configure:6696: checking for inttypes.h
configure:6713: gcc -c -g -O2  conftest.c >&5
configure:6716: $? = 0
configure:6719: test -s conftest.o
configure:6722: $? = 0
configure:6733: result: yes
configure:6696: checking for stdint.h
configure:6713: gcc -c -g -O2  conftest.c >&5
configure:6716: $? = 0
configure:6719: test -s conftest.o
configure:6722: $? = 0
configure:6733: result: yes
configure:6696: checking for unistd.h
configure:6713: gcc -c -g -O2  conftest.c >&5
configure:6716: $? = 0
configure:6719: test -s conftest.o
configure:6722: $? = 0
configure:6733: result: yes
configure:6753: checking for unistd.h
configure:6758: result: yes
configure:6762: checking stdbool.h usability
configure:6775: gcc -c -g -O2  conftest.c >&5
configure:6778: $? = 0
configure:6781: test -s conftest.o
configure:6784: $? = 0
configure:6794: result: yes
configure:6798: checking stdbool.h presence
configure:6809: gcc -E  conftest.c
configure:6815: $? = 0
configure:6834: result: yes
configure:6870: checking for stdbool.h
configure:6877: result: yes
configure:6762: checking netinet/in.h usability
configure:6775: gcc -c -g -O2  conftest.c >&5
configure:6778: $? = 0
configure:6781: test -s conftest.o
configure:6784: $? = 0
configure:6794: result: yes
configure:6798: checking netinet/in.h presence
configure:6809: gcc -E  conftest.c
configure:6815: $? = 0
configure:6834: result: yes
configure:6870: checking for netinet/in.h
configure:6877: result: yes
configure:6762: checking limits.h usability
configure:6775: gcc -c -g -O2  conftest.c >&5
configure:6778: $? = 0
configure:6781: test -s conftest.o
configure:6784: $? = 0
configure:6794: result: yes
configure:6798: checking limits.h presence
configure:6809: gcc -E  conftest.c
configure:6815: $? = 0
configure:6834: result: yes
configure:6870: checking for limits.h
configure:6877: result: yes
configure:6905: checking sys/wait.h usability
configure:6918: gcc -c -g -O2  conftest.c >&5
configure:6921: $? = 0
configure:6924: test -s conftest.o
configure:6927: $? = 0
configure:6937: result: yes
configure:6941: checking sys/wait.h presence
configure:6952: gcc -E  conftest.c
configure:6958: $? = 0
configure:6977: result: yes
configure:7013: checking for sys/wait.h
configure:7020: result: yes
configure:6905: checking sys/params.h usability
configure:6918: gcc -c -g -O2  conftest.c >&5
configure:6973:10: fatal error: 'sys/params.h' file not found
#include <sys/params.h>
         ^
1 error generated.
configure:6921: $? = 1
configure: failed program was:
| #line 6907 "configure"
| /* confdefs.h.  */
| 
| #define PACKAGE_NAME "flex"
| #define PACKAGE_TARNAME "flex"
| #define PACKAGE_VERSION "2.5.33"
| #define PACKAGE_STRING "flex 2.5.33"
| #define PACKAGE_BUGREPORT "flex-help@lists.sourceforge.net"
| #define PACKAGE "flex"
| #define VERSION "2.5.33"
| #define HAVE_ICONV 1
| #define YYTEXT_POINTER 1
| #ifdef __cplusplus
| #include <stdlib.h>
| #endif
| #define M4 "/usr/bin/gm4"
| #define HAVE_LIBM 1
| #define STDC_HEADERS 1
| #define HAVE_SYS_TYPES_H 1
| #define HAVE_SYS_STAT_H 1
| #define HAVE_STDLIB_H 1
| #define HAVE_STRING_H 1
| #define HAVE_MEMORY_H 1
| #define HAVE_STRINGS_H 1
| #define HAVE_INTTYPES_H 1
| #define HAVE_STDINT_H 1
| #define HAVE_UNISTD_H 1
| #define HAVE_UNISTD_H 1
| #define HAVE_STDBOOL_H 1
| #define HAVE_NETINET_IN_H 1
| #define HAVE_LIMITS_H 1
| #define HAVE_SYS_WAIT_H 1
| /* end confdefs.h.  */
| #include <stdio.h>
| #if HAVE_SYS_TYPES_H
| # include <sys/types.h>
| #endif
| #if HAVE_SYS_STAT_H
| # include <sys/stat.h>
| #endif
| #if STDC_HEADERS
| # include <stdlib.h>
| # include <stddef.h>
| #else
| # if HAVE_STDLIB_H
| #  include <stdlib.h>
| # endif
| #endif
| #if HAVE_STRING_H
| # if !STDC_HEADERS && HAVE_MEMORY_H
| #  include <memory.h>
| # endif
| # include <string.h>
| #endif
| #if HAVE_STRINGS_H
| # include <strings.h>
| #endif
| #if HAVE_INTTYPES_H
| # include <inttypes.h>
| #else
| # if HAVE_STDINT_H
| #  include <stdint.h>
| # endif
| #endif
| #if HAVE_UNISTD_H
| # include <unistd.h>
| #endif
| #include <sys/params.h>
configure:6937: result: no
configure:6941: checking sys/params.h presence
configure:6952: gcc -E  conftest.c
configure:6975:10: fatal error: 'sys/params.h' file not found
#include <sys/params.h>
         ^
1 error generated.
configure:6958: $? = 1
configure: failed program was:
| #line 6943 "configure"
| /* confdefs.h.  */
| 
| #define PACKAGE_NAME "flex"
| #define PACKAGE_TARNAME "flex"
| #define PACKAGE_VERSION "2.5.33"
| #define PACKAGE_STRING "flex 2.5.33"
| #define PACKAGE_BUGREPORT "flex-help@lists.sourceforge.net"
| #define PACKAGE "flex"
| #define VERSION "2.5.33"
| #define HAVE_ICONV 1
| #define YYTEXT_POINTER 1
| #ifdef __cplusplus
| #include <stdlib.h>
| #endif
| #define M4 "/usr/bin/gm4"
| #define HAVE_LIBM 1
| #define STDC_HEADERS 1
| #define HAVE_SYS_TYPES_H 1
| #define HAVE_SYS_STAT_H 1
| #define HAVE_STDLIB_H 1
| #define HAVE_STRING_H 1
| #define HAVE_MEMORY_H 1
| #define HAVE_STRINGS_H 1
| #define HAVE_INTTYPES_H 1
| #define HAVE_STDINT_H 1
| #define HAVE_UNISTD_H 1
| #define HAVE_UNISTD_H 1
| #define HAVE_STDBOOL_H 1
| #define HAVE_NETINET_IN_H 1
| #define HAVE_LIMITS_H 1
| #define HAVE_SYS_WAIT_H 1
| /* end confdefs.h.  */
| #include <sys/params.h>
configure:6977: result: no
configure:7013: checking for sys/params.h
configure:7020: result: no
configure:7047: checking cunistd usability
configure:7060: gcc -c -g -O2  conftest.c >&5
configure:7115:10: fatal error: 'cunistd' file not found
#include <cunistd>
         ^
1 error generated.
configure:7063: $? = 1
configure: failed program was:
| #line 7049 "configure"
| /* confdefs.h.  */
| 
| #define PACKAGE_NAME "flex"
| #define PACKAGE_TARNAME "flex"
| #define PACKAGE_VERSION "2.5.33"
| #define PACKAGE_STRING "flex 2.5.33"
| #define PACKAGE_BUGREPORT "flex-help@lists.sourceforge.net"
| #define PACKAGE "flex"
| #define VERSION "2.5.33"
| #define HAVE_ICONV 1
| #define YYTEXT_POINTER 1
| #ifdef __cplusplus
| #include <stdlib.h>
| #endif
| #define M4 "/usr/bin/gm4"
| #define HAVE_LIBM 1
| #define STDC_HEADERS 1
| #define HAVE_SYS_TYPES_H 1
| #define HAVE_SYS_STAT_H 1
| #define HAVE_STDLIB_H 1
| #define HAVE_STRING_H 1
| #define HAVE_MEMORY_H 1
| #define HAVE_STRINGS_H 1
| #define HAVE_INTTYPES_H 1
| #define HAVE_STDINT_H 1
| #define HAVE_UNISTD_H 1
| #define HAVE_UNISTD_H 1
| #define HAVE_STDBOOL_H 1
| #define HAVE_NETINET_IN_H 1
| #define HAVE_LIMITS_H 1
| #define HAVE_SYS_WAIT_H 1
| /* end confdefs.h.  */
| #include <stdio.h>
| #if HAVE_SYS_TYPES_H
| # include <sys/types.h>
| #endif
| #if HAVE_SYS_STAT_H
| # include <sys/stat.h>
| #endif
| #if STDC_HEADERS
| # include <stdlib.h>
| # include <stddef.h>
| #else
| # if HAVE_STDLIB_H
| #  include <stdlib.h>
| # endif
| #endif
| #if HAVE_STRING_H
| # if !STDC_HEADERS && HAVE_MEMORY_H
| #  include <memory.h>
| # endif
| # include <string.h>
| #endif
| #if HAVE_STRINGS_H
| # include <strings.h>
| #endif
| #if HAVE_INTTYPES_H
| # include <inttypes.h>
| #else
| # if HAVE_STDINT_H
| #  include <stdint.h>
| # endif
| #endif
| #if HAVE_UNISTD_H
| # include <unistd.h>
| #endif
| #include <cunistd>
configure:7079: result: no
configure:7083: checking cunistd presence
configure:7094: gcc -E  conftest.c
configure:7117:10: fatal error: 'cunistd' file not found
#include <cunistd>
         ^
1 error generated.
configure:7100: $? = 1
configure: failed program was:
| #line 7085 "configure"
| /* confdefs.h.  */
| 
| #define PACKAGE_NAME "flex"
| #define PACKAGE_TARNAME "flex"
| #define PACKAGE_VERSION "2.5.33"
| #define PACKAGE_STRING "flex 2.5.33"
| #define PACKAGE_BUGREPORT "flex-help@lists.sourceforge.net"
| #define PACKAGE "flex"
| #define VERSION "2.5.33"
| #define HAVE_ICONV 1
| #define YYTEXT_POINTER 1
| #ifdef __cplusplus
| #include <stdlib.h>
| #endif
| #define M4 "/usr/bin/gm4"
| #define HAVE_LIBM 1
| #define STDC_HEADERS 1
| #define HAVE_SYS_TYPES_H 1
| #define HAVE_SYS_STAT_H 1
| #define HAVE_STDLIB_H 1
| #define HAVE_STRING_H 1
| #define HAVE_MEMORY_H 1
| #define HAVE_STRINGS_H 1
| #define HAVE_INTTYPES_H 1
| #define HAVE_STDINT_H 1
| #define HAVE_UNISTD_H 1
| #define HAVE_UNISTD_H 1
| #define HAVE_STDBOOL_H 1
| #define HAVE_NETINET_IN_H 1
| #define HAVE_LIMITS_H 1
| #define HAVE_SYS_WAIT_H 1
| /* end confdefs.h.  */
| #include <cunistd>
configure:7119: result: no
configure:7155: checking for cunistd
configure:7162: result: no
configure:7190: checking locale.h usability
configure:7203: gcc -c -g -O2  conftest.c >&5
configure:7206: $? = 0
configure:7209: test -s conftest.o
configure:7212: $? = 0
configure:7222: result: yes
configure:7226: checking locale.h presence
configure:7237: gcc -E  conftest.c
configure:7243: $? = 0
configure:7262: result: yes
configure:7298: checking for locale.h
configure:7305: result: yes
configure:7190: checking libintl.h usability
configure:7203: gcc -c -g -O2  conftest.c >&5
configure:7259:10: fatal error: 'libintl.h' file not found
#include <libintl.h>
         ^
1 error generated.
configure:7206: $? = 1
configure: failed program was:
| #line 7192 "configure"
| /* confdefs.h.  */
| 
| #define PACKAGE_NAME "flex"
| #define PACKAGE_TARNAME "flex"
| #define PACKAGE_VERSION "2.5.33"
| #define PACKAGE_STRING "flex 2.5.33"
| #define PACKAGE_BUGREPORT "flex-help@lists.sourceforge.net"
| #define PACKAGE "flex"
| #define VERSION "2.5.33"
| #define HAVE_ICONV 1
| #define YYTEXT_POINTER 1
| #ifdef __cplusplus
| #include <stdlib.h>
| #endif
| #define M4 "/usr/bin/gm4"
| #define HAVE_LIBM 1
| #define STDC_HEADERS 1
| #define HAVE_SYS_TYPES_H 1
| #define HAVE_SYS_STAT_H 1
| #define HAVE_STDLIB_H 1
| #define HAVE_STRING_H 1
| #define HAVE_MEMORY_H 1
| #define HAVE_STRINGS_H 1
| #define HAVE_INTTYPES_H 1
| #define HAVE_STDINT_H 1
| #define HAVE_UNISTD_H 1
| #define HAVE_UNISTD_H 1
| #define HAVE_STDBOOL_H 1
| #define HAVE_NETINET_IN_H 1
| #define HAVE_LIMITS_H 1
| #define HAVE_SYS_WAIT_H 1
| #define HAVE_LOCALE_H 1
| /* end confdefs.h.  */
| #include <stdio.h>
| #if HAVE_SYS_TYPES_H
| # include <sys/types.h>
| #endif
| #if HAVE_SYS_STAT_H
| # include <sys/stat.h>
| #endif
| #if STDC_HEADERS
| # include <stdlib.h>
| # include <stddef.h>
| #else
| # if HAVE_STDLIB_H
| #  include <stdlib.h>
| # endif
| #endif
| #if HAVE_STRING_H
| # if !STDC_HEADERS && HAVE_MEMORY_H
| #  include <memory.h>
| # endif
| # include <string.h>
| #endif
| #if HAVE_STRINGS_H
| # include <strings.h>
| #endif
| #if HAVE_INTTYPES_H
| # include <inttypes.h>
| #else
| # if HAVE_STDINT_H
| #  include <stdint.h>
| # endif
| #endif
| #if HAVE_UNISTD_H
| # include <unistd.h>
| #endif
| #include <libintl.h>
configure:7222: result: no
configure:7226: checking libintl.h presence
configure:7237: gcc -E  conftest.c
configure:7261:10: fatal error: 'libintl.h' file not found
#include <libintl.h>
         ^
1 error generated.
configure:7243: $? = 1
configure: failed program was:
| #line 7228 "configure"
| /* confdefs.h.  */
| 
| #define PACKAGE_NAME "flex"
| #define PACKAGE_TARNAME "flex"
| #define PACKAGE_VERSION "2.5.33"
| #define PACKAGE_STRING "flex 2.5.33"
| #define PACKAGE_BUGREPORT "flex-help@lists.sourceforge.net"
| #define PACKAGE "flex"
| #define VERSION "2.5.33"
| #define HAVE_ICONV 1
| #define YYTEXT_POINTER 1
| #ifdef __cplusplus
| #include <stdlib.h>
| #endif
| #define M4 "/usr/bin/gm4"
| #define HAVE_LIBM 1
| #define STDC_HEADERS 1
| #define HAVE_SYS_TYPES_H 1
| #define HAVE_SYS_STAT_H 1
| #define HAVE_STDLIB_H 1
| #define HAVE_STRING_H 1
| #define HAVE_MEMORY_H 1
| #define HAVE_STRINGS_H 1
| #define HAVE_INTTYPES_H 1
| #define HAVE_STDINT_H 1
| #define HAVE_UNISTD_H 1
| #define HAVE_UNISTD_H 1
| #define HAVE_STDBOOL_H 1
| #define HAVE_NETINET_IN_H 1
| #define HAVE_LIMITS_H 1
| #define HAVE_SYS_WAIT_H 1
| #define HAVE_LOCALE_H 1
| /* end confdefs.h.  */
| #include <libintl.h>
configure:7262: result: no
configure:7298: checking for libintl.h
configure:7305: result: no
configure:7332: checking regex.h usability
configure:7345: gcc -c -g -O2  conftest.c >&5
configure:7348: $? = 0
configure:7351: test -s conftest.o
configure:7354: $? = 0
configure:7364: result: yes
configure:7368: checking regex.h presence
configure:7379: gcc -E  conftest.c
configure:7385: $? = 0
configure:7404: result: yes
configure:7440: checking for regex.h
configure:7447: result: yes
configure:7462: checking for size_t
configure:7487: gcc -c -g -O2  conftest.c >&5
configure:7490: $? = 0
configure:7493: test -s conftest.o
configure:7496: $? = 0
configure:7507: result: yes
configure:7521: checking whether __func__ is declared
configure:7546: gcc -c -g -O2  conftest.c >&5
configure:7549: $? = 0
configure:7552: test -s conftest.o
configure:7555: $? = 0
configure:7566: result: yes
configure:7711: creating ./config.status

## ---------------------- ##
## Running config.status. ##
## ---------------------- ##

This file was extended by flex config.status 2.5.33, which was
generated by GNU Autoconf 2.57.  Invocation command line was

  CONFIG_FILES    = 
  CONFIG_HEADERS  = 
  CONFIG_LINKS    = 
  CONFIG_COMMANDS = 
  $ ./config.status 

on Shahs-MacBook-Air.local

config.status:747: creating flex.spec
config.status:747: creating Makefile
config.status:747: creating doc/Makefile
config.status:747: creating examples/Makefile
config.status:747: creating examples/fastwc/Makefile
config.status:747: creating examples/manual/Makefile
config.status:747: creating m4/Makefile
config.status:747: creating po/Makefile.in
config.status:747: creating tools/Makefile
config.status:747: creating tests/Makefile
config.status:747: creating tests/TEMPLATE/Makefile
config.status:747: creating tests/test-array-nr/Makefile
config.status:747: creating tests/test-array-r/Makefile
config.status:747: creating tests/test-basic-nr/Makefile
config.status:747: creating tests/test-basic-r/Makefile
config.status:747: creating tests/test-bison-yylloc/Makefile
config.status:747: creating tests/test-bison-yylval/Makefile
config.status:747: creating tests/test-c-cpp-nr/Makefile
config.status:747: creating tests/test-c-cpp-r/Makefile
config.status:747: creating tests/test-header-nr/Makefile
config.status:747: creating tests/test-header-r/Makefile
config.status:747: creating tests/test-include-by-buffer/Makefile
config.status:747: creating tests/test-include-by-push/Makefile
config.status:747: creating tests/test-include-by-reentrant/Makefile
config.status:747: creating tests/test-multiple-scanners-nr/Makefile
config.status:747: creating tests/test-multiple-scanners-r/Makefile
config.status:747: creating tests/test-noansi-nr/Makefile
config.status:747: creating tests/test-noansi-r/Makefile
config.status:747: creating tests/test-prefix-nr/Makefile
config.status:747: creating tests/test-prefix-r/Makefile
config.status:747: creating tests/test-pthread/Makefile
config.status:747: creating tests/test-string-nr/Makefile
config.status:747: creating tests/test-string-r/Makefile
config.status:747: creating tests/test-yyextra/Makefile
config.status:747: creating tests/test-lineno-nr/Makefile
config.status:747: creating tests/test-lineno-r/Makefile
config.status:747: creating tests/test-linedir-r/Makefile
config.status:747: creating tests/test-debug-r/Makefile
config.status:747: creating tests/test-debug-nr/Makefile
config.status:747: creating tests/test-mem-nr/Makefile
config.status:747: creating tests/test-mem-r/Makefile
config.status:747: creating tests/test-posix/Makefile
config.status:747: creating tests/test-posixly-correct/Makefile
config.status:747: creating tests/test-table-opts/Makefile
config.status:747: creating tests/test-c++-basic/Makefile
config.status:747: creating tests/test-bison-nr/Makefile
config.status:747: creating tests/test-reject/Makefile
config.status:747: creating tests/test-c++-multiple-scanners/Makefile
config.status:747: creating tests/test-top/Makefile
config.status:747: creating tests/test-rescan-nr/Makefile
config.status:747: creating tests/test-rescan-r/Makefile
config.status:851: creating config.h
config.status:978: config.h is unchanged
config.status:1100: executing default-1 commands
config.status:1100: executing depfiles commands

## ---------------- ##
## Cache variables. ##
## ---------------- ##

ac_cv_build=i686-apple-darwin13.1.0
ac_cv_build_alias=i686-apple-darwin13.1.0
ac_cv_c_compiler_gnu=yes
ac_cv_cxx_compiler_gnu=yes
ac_cv_env_CC_set=
ac_cv_env_CC_value=
ac_cv_env_CFLAGS_set=
ac_cv_env_CFLAGS_value=
ac_cv_env_CPPFLAGS_set=
ac_cv_env_CPPFLAGS_value=
ac_cv_env_CPP_set=
ac_cv_env_CPP_value=
ac_cv_env_CXXFLAGS_set=
ac_cv_env_CXXFLAGS_value=
ac_cv_env_CXX_set=
ac_cv_env_CXX_value=
ac_cv_env_LDFLAGS_set=
ac_cv_env_LDFLAGS_value=
ac_cv_env_build_alias_set=
ac_cv_env_build_alias_value=
ac_cv_env_host_alias_set=
ac_cv_env_host_alias_value=
ac_cv_env_target_alias_set=
ac_cv_env_target_alias_value=
ac_cv_exeext=
ac_cv_have_decl___func__=yes
ac_cv_header_cunistd=no
ac_cv_header_inttypes_h=yes
ac_cv_header_libintl_h=no
ac_cv_header_limits_h=yes
ac_cv_header_locale_h=yes
ac_cv_header_memory_h=yes
ac_cv_header_netinet_in_h=yes
ac_cv_header_regex_h=yes
ac_cv_header_stdbool_h=yes
ac_cv_header_stdc=yes
ac_cv_header_stdint_h=yes
ac_cv_header_stdlib_h=yes
ac_cv_header_string_h=yes
ac_cv_header_strings_h=yes
ac_cv_header_sys_params_h=no
ac_cv_header_sys_stat_h=yes
ac_cv_header_sys_types_h=yes
ac_cv_header_sys_wait_h=yes
ac_cv_header_unistd_h=yes
ac_cv_host=i686-apple-darwin13.1.0
ac_cv_host_alias=i686-apple-darwin13.1.0
ac_cv_lib_fl_yywrap=no
ac_cv_lib_l_yywrap=yes
ac_cv_lib_m_log=yes
ac_cv_objext=o
ac_cv_path_BISON=/usr/bin/bison
ac_cv_path_GMSGFMT=:
ac_cv_path_HELP2MAN=help2man
ac_cv_path_INDENT=/usr/bin/indent
ac_cv_path_M4=/usr/bin/gm4
ac_cv_path_MSGFMT=:
ac_cv_path_MSGMERGE=:
ac_cv_path_XGETTEXT=:
ac_cv_path_install='/usr/bin/install -c'
ac_cv_prog_AWK=awk
ac_cv_prog_CPP='gcc -E'
ac_cv_prog_LEX=flex
ac_cv_prog_YACC='bison -y'
ac_cv_prog_ac_ct_CC=gcc
ac_cv_prog_ac_ct_CXX=g++
ac_cv_prog_ac_ct_RANLIB=ranlib
ac_cv_prog_cc_g=yes
ac_cv_prog_cc_stdc=
ac_cv_prog_cxx_g=yes
ac_cv_prog_egrep='grep -E'
ac_cv_prog_lex_root=lex.yy
ac_cv_prog_lex_yytext_pointer=yes
ac_cv_prog_make_make_set=yes
ac_cv_type_size_t=yes
acl_cv_hardcode_direct=no
acl_cv_hardcode_libdir_flag_spec=
acl_cv_hardcode_libdir_separator=
acl_cv_hardcode_minus_L=no
acl_cv_libext=a
acl_cv_path_LD=/Applications/Xcode.app/Contents/Developer/Toolchains/XcodeDefault.xctoolchain/usr/bin/ld
acl_cv_prog_gnu_ld=no
acl_cv_rpath=done
acl_cv_shlibext=dylib
acl_cv_wl=-Wl,
am_cv_CC_dependencies_compiler_type=gcc3
am_cv_CXX_dependencies_compiler_type=gcc3
am_cv_func_iconv=yes
am_cv_lib_iconv=yes
gt_cv_func_gnugettext1_libc=no
gt_cv_func_gnugettext1_libintl=no

## ----------------- ##
## Output variables. ##
## ----------------- ##

ACLOCAL='${SHELL} /Users/jenil/Documents/Programming/Practice/GoogleCodeJam/Round1/flex-2.5.33/missing --run aclocal-1.7'
AMDEPBACKSLASH='\'
AMDEP_FALSE='#'
AMDEP_TRUE=''
AMTAR='${SHELL} /Users/jenil/Documents/Programming/Practice/GoogleCodeJam/Round1/flex-2.5.33/missing --run tar'
AUTOCONF='${SHELL} /Users/jenil/Documents/Programming/Practice/GoogleCodeJam/Round1/flex-2.5.33/missing --run autoconf'
AUTOHEADER='${SHELL} /Users/jenil/Documents/Programming/Practice/GoogleCodeJam/Round1/flex-2.5.33/missing --run autoheader'
AUTOMAKE='${SHELL} /Users/jenil/Documents/Programming/Practice/GoogleCodeJam/Round1/flex-2.5.33/missing --run automake-1.7'
AWK='awk'
BISON='/usr/bin/bison'
CC='gcc'
CCDEPMODE='depmode=gcc3'
CFLAGS='-g -O2'
CPP='gcc -E'
CPPFLAGS=''
CXX='g++'
CXXDEPMODE='depmode=gcc3'
CXXFLAGS='-g -O2'
CYGPATH_W='echo'
DEFS='-DHAVE_CONFIG_H'
DEPDIR='.deps'
ECHO_C='ECHO_N=''
ECHO_T=''
EGREP='grep -E'
EXEEXT=''
GMSGFMT=':'
HELP2MAN='help2man'
INDENT='/usr/bin/indent'
INSTALL_DATA='${INSTALL} -m 644'
INSTALL_PROGRAM='${INSTALL}'
INSTALL_SCRIPT='${INSTALL}'
INSTALL_STRIP_PROGRAM='${SHELL} $(install_sh) -c -s'
INTLLIBS=''
LDFLAGS=''
LEX='flex'
LEXLIB='-ll'
LEX_OUTPUT_ROOT='lex.yy'
LIBICONV='-liconv'
LIBINTL=''
LIBOBJS=''
LIBS='-lm '
LN_S='ln -s'
LTLIBICONV='-liconv'
LTLIBINTL=''
LTLIBOBJS=''
M4='/usr/bin/gm4'
MAKEINFO='${SHELL} /Users/jenil/Documents/Programming/Practice/GoogleCodeJam/Round1/flex-2.5.33/missing --run makeinfo'
MKINSTALLDIRS='$(top_builddir)/./mkinstalldirs'
MSGFMT=':'
MSGMERGE=':'
OBJEXT='o'
PACKAGE='flex'
PACKAGE_BUGREPORT='flex-help@lists.sourceforge.net'
PACKAGE_NAME='flex'
PACKAGE_STRING='flex 2.5.33'
PACKAGE_TARNAME='flex'
PACKAGE_VERSION='2.5.33'
PATH_SEPARATOR=':'
POSUB=''
RANLIB='ranlib'
SET_MAKE=''
SHELL='/bin/sh'
STRIP=''
USE_NLS='no'
VERSION='2.5.33'
XGETTEXT=':'
YACC='bison -y'
ac_ct_CC='gcc'
ac_ct_CXX='g++'
ac_ct_RANLIB='ranlib'
ac_ct_STRIP=''
am__fastdepCC_FALSE='#'
am__fastdepCC_TRUE=''
am__fastdepCXX_FALSE='#'
am__fastdepCXX_TRUE=''
am__include='include'
am__leading_dot='.'
am__quote=''
bindir='${exec_prefix}/bin'
build='i686-apple-darwin13.1.0'
build_alias=''
build_cpu='i686'
build_os='darwin13.1.0'
build_vendor='apple'
datadir='${prefix}/share'
exec_prefix='${prefix}'
host='i686-apple-darwin13.1.0'
host_alias=''
host_cpu='i686'
host_os='darwin13.1.0'
host_vendor='apple'
includedir='${prefix}/include'
infodir='${prefix}/info'
install_sh='/Users/jenil/Documents/Programming/Practice/GoogleCodeJam/Round1/flex-2.5.33/install-sh'
libdir='${exec_prefix}/lib'
libexecdir='${exec_prefix}/libexec'
localstatedir='${prefix}/var'
mandir='${prefix}/man'
oldincludedir='/usr/include'
prefix='/usr/local/flex'
program_transform_name='s,x,x,'
sbindir='${exec_prefix}/sbin'
sharedstatedir='${prefix}/com'
sysconfdir='${prefix}/etc'
target_alias=''

## ----------- ##
## confdefs.h. ##
## ----------- ##

#define HAVE_DECL___FUNC__ 1
#define HAVE_ICONV 1
#define HAVE_INTTYPES_H 1
#define HAVE_LIBM 1
#define HAVE_LIMITS_H 1
#define HAVE_LOCALE_H 1
#define HAVE_MEMORY_H 1
#define HAVE_NETINET_IN_H 1
#define HAVE_REGEX_H 1
#define HAVE_STDBOOL_H 1
#define HAVE_STDINT_H 1
#define HAVE_STDLIB_H 1
#define HAVE_STRINGS_H 1
#define HAVE_STRING_H 1
#define HAVE_SYS_STAT_H 1
#define HAVE_SYS_TYPES_H 1
#define HAVE_SYS_WAIT_H 1
#define HAVE_UNISTD_H 1
#define HAVE_UNISTD_H 1
#define M4 "/usr/bin/gm4"
#define PACKAGE "flex"
#define PACKAGE_BUGREPORT "flex-help@lists.sourceforge.net"
#define PACKAGE_NAME "flex"
#define PACKAGE_STRING "flex 2.5.33"
#define PACKAGE_TARNAME "flex"
#define PACKAGE_VERSION "2.5.33"
#define STDC_HEADERS 1
#define VERSION "2.5.33"
#define YYTEXT_POINTER 1
#endif
#ifdef __cplusplus
#include <stdlib.h>

configure: exit 0
